2026-03-01T00:01:19.024+0700 [DEBUG] [org.gradle.launcher.daemon.bootstrap.DaemonMain] Assuming the daemon was started with following jvm opts: [-XX:MaxMetaspaceSize=384m, -XX:+HeapDumpOnOutOfMemoryError, -Xms256m, -Xmx512m, -Dfile.encoding=UTF-8, -Duser.country=KH, -Duser.language=en, -Duser.variant]
2026-03-01T00:01:19.068+0700 [DEBUG] [org.gradle.internal.remote.internal.inet.InetAddresses] Adding IP addresses for network interface utun3
2026-03-01T00:01:19.069+0700 [DEBUG] [org.gradle.internal.remote.internal.inet.InetAddresses] Is this a loopback interface? false
2026-03-01T00:01:19.069+0700 [DEBUG] [org.gradle.internal.remote.internal.inet.InetAddresses] Adding remote address /fe80:0:0:0:ce81:b1c:bd2c:69e%utun3
2026-03-01T00:01:19.069+0700 [DEBUG] [org.gradle.internal.remote.internal.inet.InetAddresses] Adding IP addresses for network interface utun2
2026-03-01T00:01:19.069+0700 [DEBUG] [org.gradle.internal.remote.internal.inet.InetAddresses] Is this a loopback interface? false
2026-03-01T00:01:19.069+0700 [DEBUG] [org.gradle.internal.remote.internal.inet.InetAddresses] Adding remote address /fe80:0:0:0:b468:7b19:cd77:9c00%utun2
2026-03-01T00:01:19.069+0700 [DEBUG] [org.gradle.internal.remote.internal.inet.InetAddresses] Adding IP addresses for network interface utun1
2026-03-01T00:01:19.069+0700 [DEBUG] [org.gradle.internal.remote.internal.inet.InetAddresses] Is this a loopback interface? false
2026-03-01T00:01:19.069+0700 [DEBUG] [org.gradle.internal.remote.internal.inet.InetAddresses] Adding remote address /fe80:0:0:0:a809:797f:e6ec:df41%utun1
2026-03-01T00:01:19.069+0700 [DEBUG] [org.gradle.internal.remote.internal.inet.InetAddresses] Adding IP addresses for network interface utun0
2026-03-01T00:01:19.069+0700 [DEBUG] [org.gradle.internal.remote.internal.inet.InetAddresses] Is this a loopback interface? false
2026-03-01T00:01:19.069+0700 [DEBUG] [org.gradle.internal.remote.internal.inet.InetAddresses] Adding remote address /fe80:0:0:0:f6e2:dc8e:d94c:ebdf%utun0
2026-03-01T00:01:19.070+0700 [DEBUG] [org.gradle.internal.remote.internal.inet.InetAddresses] Adding IP addresses for network interface llw0
2026-03-01T00:01:19.070+0700 [DEBUG] [org.gradle.internal.remote.internal.inet.InetAddresses] Is this a loopback interface? false
2026-03-01T00:01:19.070+0700 [DEBUG] [org.gradle.internal.remote.internal.inet.InetAddresses] Adding remote address /fe80:0:0:0:8026:11ff:fe58:9ddf%llw0
2026-03-01T00:01:19.070+0700 [DEBUG] [org.gradle.internal.remote.internal.inet.InetAddresses] Adding IP addresses for network interface awdl0
2026-03-01T00:01:19.070+0700 [DEBUG] [org.gradle.internal.remote.internal.inet.InetAddresses] Is this a loopback interface? false
2026-03-01T00:01:19.070+0700 [DEBUG] [org.gradle.internal.remote.internal.inet.InetAddresses] Adding remote address /fe80:0:0:0:8026:11ff:fe58:9ddf%awdl0
2026-03-01T00:01:19.070+0700 [DEBUG] [org.gradle.internal.remote.internal.inet.InetAddresses] Adding IP addresses for network interface en0
2026-03-01T00:01:19.070+0700 [DEBUG] [org.gradle.internal.remote.internal.inet.InetAddresses] Is this a loopback interface? false
2026-03-01T00:01:19.070+0700 [DEBUG] [org.gradle.internal.remote.internal.inet.InetAddresses] Adding remote address /fe80:0:0:0:ec:46aa:5fd8:cae4%en0
2026-03-01T00:01:19.070+0700 [DEBUG] [org.gradle.internal.remote.internal.inet.InetAddresses] Adding remote address /192.168.1.2
2026-03-01T00:01:19.070+0700 [DEBUG] [org.gradle.internal.remote.internal.inet.InetAddresses] Adding IP addresses for network interface lo0
2026-03-01T00:01:19.070+0700 [DEBUG] [org.gradle.internal.remote.internal.inet.InetAddresses] Is this a loopback interface? true
2026-03-01T00:01:19.070+0700 [DEBUG] [org.gradle.internal.remote.internal.inet.InetAddresses] Ignoring remote address on loopback interface /fe80:0:0:0:0:0:0:1%lo0
2026-03-01T00:01:19.071+0700 [DEBUG] [org.gradle.internal.remote.internal.inet.InetAddresses] Adding loopback address /0:0:0:0:0:0:0:1%lo0
2026-03-01T00:01:19.071+0700 [DEBUG] [org.gradle.internal.remote.internal.inet.InetAddresses] Adding loopback address /127.0.0.1
2026-03-01T00:01:19.083+0700 [INFO] [org.gradle.launcher.daemon.server.Daemon] start() called on daemon - DefaultDaemonContext[uid=3bcdbbf5-024d-455a-8984-0a27b246ed85,javaHome=/Library/Java/JavaVirtualMachines/jdk-25.jdk/Contents/Home,javaVersion=25,javaVendor=Oracle Corporation,daemonRegistryDir=/Users/fyfaris/test/.gradle-local/daemon,pid=1876,idleTimeout=120000,priority=NORMAL,applyInstrumentationAgent=true,nativeServicesMode=ENABLED,daemonOpts=-XX:MaxMetaspaceSize=384m,-XX:+HeapDumpOnOutOfMemoryError,-Xms256m,-Xmx512m,-Dfile.encoding=UTF-8,-Duser.country=KH,-Duser.language=en,-Duser.variant]
2026-03-01T00:01:19.088+0700 [DEBUG] [org.gradle.internal.remote.internal.inet.TcpIncomingConnector] Listening on [47549537-e30f-40ab-9b95-d5b7ed03f924 port:60749, addresses:[localhost/127.0.0.1]].
2026-03-01T00:01:19.094+0700 [DEBUG] [org.gradle.launcher.daemon.server.Daemon] Daemon starting at: Sun Mar 01 00:01:19 GMT+07:00 2026, with address: [47549537-e30f-40ab-9b95-d5b7ed03f924 port:60749, addresses:[localhost/127.0.0.1]]
2026-03-01T00:01:19.094+0700 [INFO] [org.gradle.launcher.daemon.server.DaemonRegistryUpdater] Advertising the daemon address to the clients: [47549537-e30f-40ab-9b95-d5b7ed03f924 port:60749, addresses:[localhost/127.0.0.1]]
2026-03-01T00:01:19.094+0700 [DEBUG] [org.gradle.launcher.daemon.server.DaemonRegistryUpdater] Advertised daemon context: DefaultDaemonContext[uid=3bcdbbf5-024d-455a-8984-0a27b246ed85,javaHome=/Library/Java/JavaVirtualMachines/jdk-25.jdk/Contents/Home,javaVersion=25,javaVendor=Oracle Corporation,daemonRegistryDir=/Users/fyfaris/test/.gradle-local/daemon,pid=1876,idleTimeout=120000,priority=NORMAL,applyInstrumentationAgent=true,nativeServicesMode=ENABLED,daemonOpts=-XX:MaxMetaspaceSize=384m,-XX:+HeapDumpOnOutOfMemoryError,-Xms256m,-Xmx512m,-Dfile.encoding=UTF-8,-Duser.country=KH,-Duser.language=en,-Duser.variant]
2026-03-01T00:01:19.095+0700 [DEBUG] [org.gradle.launcher.daemon.registry.PersistentDaemonRegistry] Storing daemon address: [47549537-e30f-40ab-9b95-d5b7ed03f924 port:60749, addresses:[localhost/127.0.0.1]], context: DefaultDaemonContext[uid=3bcdbbf5-024d-455a-8984-0a27b246ed85,javaHome=/Library/Java/JavaVirtualMachines/jdk-25.jdk/Contents/Home,javaVersion=25,javaVendor=Oracle Corporation,daemonRegistryDir=/Users/fyfaris/test/.gradle-local/daemon,pid=1876,idleTimeout=120000,priority=NORMAL,applyInstrumentationAgent=true,nativeServicesMode=ENABLED,daemonOpts=-XX:MaxMetaspaceSize=384m,-XX:+HeapDumpOnOutOfMemoryError,-Xms256m,-Xmx512m,-Dfile.encoding=UTF-8,-Duser.country=KH,-Duser.language=en,-Duser.variant]
2026-03-01T00:01:19.097+0700 [DEBUG] [org.gradle.cache.internal.DefaultFileLockManager] Waiting to acquire exclusive lock on daemon addresses registry.
2026-03-01T00:01:19.098+0700 [DEBUG] [org.gradle.cache.internal.DefaultFileLockManager] Lock acquired on daemon addresses registry.
2026-03-01T00:01:19.100+0700 [DEBUG] [org.gradle.cache.internal.DefaultFileLockManager] Releasing lock on daemon addresses registry.
2026-03-01T00:01:19.100+0700 [LIFECYCLE] [org.gradle.launcher.daemon.server.Daemon] Daemon server started.
2026-03-01T00:01:19.101+0700 [DEBUG] [org.gradle.launcher.daemon.bootstrap.DaemonStartupCommunication] Completed writing the daemon greeting. Closing streams...
2026-03-01T00:01:19.104+0700 [DEBUG] [org.gradle.launcher.daemon.server.Daemon] stopOnExpiration() called on daemon
2026-03-01T00:01:19.104+0700 [DEBUG] [org.gradle.launcher.daemon.server.Daemon] awaitExpiration() called on daemon
2026-03-01T00:01:19.104+0700 [DEBUG] [org.gradle.launcher.daemon.server.DaemonStateCoordinator] daemon is running. Sleeping until state changes.
2026-03-01T00:01:19.108+0700 [DEBUG] [org.gradle.internal.remote.internal.inet.TcpIncomingConnector] Accepted connection from /127.0.0.1:60750 to /127.0.0.1:60749.
2026-03-01T00:01:19.117+0700 [DEBUG] [org.gradle.launcher.daemon.server.SynchronizedDispatchConnection] thread 37: received class org.gradle.launcher.daemon.protocol.Build
2026-03-01T00:01:19.117+0700 [DEBUG] [org.gradle.launcher.daemon.server.DefaultDaemonConnection] thread 37: Received non-IO message from client: Build{id=26a77c41-1c41-4963-8077-20361d36b273, currentDir=/Users/fyfaris/test}
2026-03-01T00:01:19.117+0700 [INFO] [org.gradle.launcher.daemon.server.DefaultIncomingConnectionHandler] Received command: Build{id=26a77c41-1c41-4963-8077-20361d36b273, currentDir=/Users/fyfaris/test}.
2026-03-01T00:01:19.117+0700 [DEBUG] [org.gradle.launcher.daemon.server.DefaultIncomingConnectionHandler] Starting executing command: Build{id=26a77c41-1c41-4963-8077-20361d36b273, currentDir=/Users/fyfaris/test} with connection: socket connection from /127.0.0.1:60749 to /127.0.0.1:60750.
2026-03-01T00:01:19.118+0700 [DEBUG] [org.gradle.launcher.daemon.server.DaemonStateCoordinator] Command execution: started DaemonCommandExecution[command = Build{id=26a77c41-1c41-4963-8077-20361d36b273, currentDir=/Users/fyfaris/test}, connection = DefaultDaemonConnection: socket connection from /127.0.0.1:60749 to /127.0.0.1:60750] after 5.0E-4 minutes of idle
2026-03-01T00:01:19.118+0700 [INFO] [org.gradle.launcher.daemon.server.DaemonRegistryUpdater] Marking the daemon as busy, address: [47549537-e30f-40ab-9b95-d5b7ed03f924 port:60749, addresses:[localhost/127.0.0.1]]
2026-03-01T00:01:19.118+0700 [DEBUG] [org.gradle.launcher.daemon.registry.PersistentDaemonRegistry] Marking busy by address: [47549537-e30f-40ab-9b95-d5b7ed03f924 port:60749, addresses:[localhost/127.0.0.1]]
2026-03-01T00:01:19.118+0700 [DEBUG] [org.gradle.cache.internal.DefaultFileLockManager] Waiting to acquire exclusive lock on daemon addresses registry.
2026-03-01T00:01:19.119+0700 [DEBUG] [org.gradle.cache.internal.DefaultFileLockManager] Lock acquired on daemon addresses registry.
2026-03-01T00:01:19.119+0700 [DEBUG] [org.gradle.cache.internal.DefaultFileLockManager] Releasing lock on daemon addresses registry.
2026-03-01T00:01:19.119+0700 [DEBUG] [org.gradle.launcher.daemon.server.DaemonStateCoordinator] resetting idle timer
2026-03-01T00:01:19.119+0700 [DEBUG] [org.gradle.launcher.daemon.server.DaemonStateCoordinator] daemon is running. Sleeping until state changes.
2026-03-01T00:01:19.120+0700 [INFO] [org.gradle.launcher.daemon.server.exec.StartBuildOrRespondWithBusy] Daemon is about to start building Build{id=26a77c41-1c41-4963-8077-20361d36b273, currentDir=/Users/fyfaris/test}. Dispatching build started information...
2026-03-01T00:01:19.120+0700 [DEBUG] [org.gradle.launcher.daemon.server.SynchronizedDispatchConnection] thread 39: dispatching org.gradle.launcher.daemon.protocol.BuildStarted@7d8b410
2026-03-01T00:01:19.120+0700 [DEBUG] [org.gradle.launcher.daemon.server.exec.EstablishBuildEnvironment] Configuring env variables: [PATH, GIT_PAGER, TERM, HOMEBREW_PREFIX, LANG, COMMAND_MODE, GH_PAGER, GRADLE_USER_HOME, COLORTERM, LOGNAME, CODEX_THREAD_ID, HOMEBREW_REPOSITORY, NO_COLOR, XPC_SERVICE_NAME, PWD, INFOPATH, __CFBundleIdentifier, CODEX_CI, SHELL, CODEX_SANDBOX_NETWORK_DISABLED, PAGER, CODEX_PATH, CODEX_HOME, HOMEBREW_CELLAR, USER, TMPDIR, SSH_AUTH_SOCK, XPC_FLAGS, LC_ALL, __CF_USER_TEXT_ENCODING, LC_CTYPE, SHLVL, HOME]
2026-03-01T00:01:19.121+0700 [DEBUG] [org.gradle.launcher.daemon.server.exec.LogToClient] About to start relaying all logs to the client via the connection.
2026-03-01T00:01:19.122+0700 [INFO] [org.gradle.launcher.daemon.server.exec.LogToClient] The client will now receive all logging from the daemon (pid: 1876). The daemon log file: /Users/fyfaris/test/.gradle-local/daemon/9.3.0/daemon-1876.out.log
2026-03-01T00:01:19.122+0700 [DEBUG] [org.gradle.launcher.daemon.server.exec.RequestStopIfSingleUsedDaemon] Requesting daemon stop after processing Build{id=26a77c41-1c41-4963-8077-20361d36b273, currentDir=/Users/fyfaris/test}
2026-03-01T00:01:19.122+0700 [LIFECYCLE] [org.gradle.launcher.daemon.server.DaemonStateCoordinator] Daemon will be stopped at the end of the build 
2026-03-01T00:01:19.122+0700 [DEBUG] [org.gradle.launcher.daemon.server.DaemonStateCoordinator] Stop as soon as idle requested. The daemon is busy
2026-03-01T00:01:19.122+0700 [DEBUG] [org.gradle.launcher.daemon.server.DaemonStateCoordinator] daemon stop has been requested. Sleeping until state changes.
2026-03-01T00:01:19.124+0700 [DEBUG] [org.gradle.launcher.daemon.server.exec.ExecuteBuild] The daemon has started executing the build.
2026-03-01T00:01:19.124+0700 [DEBUG] [org.gradle.launcher.daemon.server.exec.ExecuteBuild] Executing build with daemon context: DefaultDaemonContext[uid=3bcdbbf5-024d-455a-8984-0a27b246ed85,javaHome=/Library/Java/JavaVirtualMachines/jdk-25.jdk/Contents/Home,javaVersion=25,javaVendor=Oracle Corporation,daemonRegistryDir=/Users/fyfaris/test/.gradle-local/daemon,pid=1876,idleTimeout=120000,priority=NORMAL,applyInstrumentationAgent=true,nativeServicesMode=ENABLED,daemonOpts=-XX:MaxMetaspaceSize=384m,-XX:+HeapDumpOnOutOfMemoryError,-Xms256m,-Xmx512m,-Dfile.encoding=UTF-8,-Duser.country=KH,-Duser.language=en,-Duser.variant]

  .   ____          _            __ _ _
 /\\ / ___'_ __ _ _(_)_ __  __ _ \ \ \ \
( ( )\___ | '_ | '_| | '_ \/ _` | \ \ \ \
 \\/  ___)| |_)| | | | | || (_| |  ) ) ) )
  '  |____| .__|_| |_|_| |_\__, | / / / /
 =========|_|==============|___/=/_/_/_/

 :: Spring Boot ::                (v4.0.2)

2026-03-01T00:01:21.207+07:00  INFO 1881 --- [test] [           main] k.e.p.SpringBoot.TestApplication         : Starting TestApplication using Java 21.0.10 with PID 1881 (/Users/fyfaris/test/build/classes/java/main started by fyfaris in /Users/fyfaris/test)
2026-03-01T00:01:21.208+07:00  INFO 1881 --- [test] [           main] k.e.p.SpringBoot.TestApplication         : No active profile set, falling back to 1 default profile: "default"
2026-03-01T00:01:21.454+07:00  INFO 1881 --- [test] [           main] .s.d.r.c.RepositoryConfigurationDelegate : Bootstrapping Spring Data JPA repositories in DEFAULT mode.
2026-03-01T00:01:21.470+07:00  INFO 1881 --- [test] [           main] .s.d.r.c.RepositoryConfigurationDelegate : Finished Spring Data repository scanning in 12 ms. Found 4 JPA repository interfaces.
2026-03-01T00:01:21.608+07:00  INFO 1881 --- [test] [           main] o.s.boot.tomcat.TomcatWebServer          : Tomcat initialized with port 8080 (http)
2026-03-01T00:01:21.612+07:00  INFO 1881 --- [test] [           main] o.apache.catalina.core.StandardService   : Starting service [Tomcat]
2026-03-01T00:01:21.612+07:00  INFO 1881 --- [test] [           main] o.apache.catalina.core.StandardEngine    : Starting Servlet engine: [Apache Tomcat/11.0.15]
2026-03-01T00:01:21.626+07:00  INFO 1881 --- [test] [           main] b.w.c.s.WebApplicationContextInitializer : Root WebApplicationContext: initialization completed in 348 ms
2026-03-01T00:01:21.670+07:00  INFO 1881 --- [test] [           main] org.hibernate.orm.jpa                    : HHH008540: Processing PersistenceUnitInfo [name: default]
2026-03-01T00:01:21.692+07:00  INFO 1881 --- [test] [           main] org.hibernate.orm.core                   : HHH000001: Hibernate ORM core version 7.2.1.Final
2026-03-01T00:01:21.826+07:00  INFO 1881 --- [test] [           main] o.s.o.j.p.SpringPersistenceUnitInfo      : No LoadTimeWeaver setup: ignoring JPA class transformer
2026-03-01T00:01:21.837+07:00  INFO 1881 --- [test] [           main] com.zaxxer.hikari.HikariDataSource       : HikariPool-1 - Starting...
2026-03-01T00:01:21.877+07:00  INFO 1881 --- [test] [           main] com.zaxxer.hikari.pool.HikariPool        : HikariPool-1 - Added connection org.postgresql.jdbc.PgConnection@1d06801f
2026-03-01T00:01:21.877+07:00  INFO 1881 --- [test] [           main] com.zaxxer.hikari.HikariDataSource       : HikariPool-1 - Start completed.
2026-03-01T00:01:21.891+07:00  WARN 1881 --- [test] [           main] org.hibernate.orm.deprecation            : HHH90000025: PostgreSQLDialect does not need to be specified explicitly using 'hibernate.dialect' (remove the property setting and it will be selected by default)
2026-03-01T00:01:21.900+07:00  INFO 1881 --- [test] [           main] org.hibernate.orm.connections.pooling    : HHH10001005: Database info:
	Database JDBC URL [jdbc:postgresql://localhost:5432/testdb]
	Database driver: PostgreSQL JDBC Driver
	Database dialect: PostgreSQLDialect
	Database version: 15.16
	Default catalog/schema: testdb/public
	Autocommit mode: undefined/unknown
	Isolation level: READ_COMMITTED [default READ_COMMITTED]
	JDBC fetch size: none
	Pool: DataSourceConnectionProvider
	Minimum pool size: undefined/unknown
	Maximum pool size: undefined/unknown
2026-03-01T00:01:22.222+07:00  INFO 1881 --- [test] [           main] org.hibernate.orm.core                   : HHH000489: No JTA platform available (set 'hibernate.transaction.jta.platform' to enable JTA platform integration)
2026-03-01T00:01:22.271+07:00  INFO 1881 --- [test] [           main] j.LocalContainerEntityManagerFactoryBean : Initialized JPA EntityManagerFactory for persistence unit 'default'
2026-03-01T00:01:22.299+07:00  INFO 1881 --- [test] [           main] o.s.d.j.r.query.QueryEnhancerFactories   : Hibernate is in classpath; If applicable, HQL parser will be used.
2026-03-01T00:01:22.619+07:00  INFO 1881 --- [test] [           main] o.s.b.w.a.WelcomePageHandlerMapping      : Adding welcome page template: index
2026-03-01T00:01:22.724+07:00  WARN 1881 --- [test] [           main] ConfigServletWebServerApplicationContext : Exception encountered during context initialization - cancelling refresh attempt: org.springframework.context.ApplicationContextException: Failed to start bean 'webServerStartStop'
2026-03-01T00:01:22.725+07:00  INFO 1881 --- [test] [           main] j.LocalContainerEntityManagerFactoryBean : Closing JPA EntityManagerFactory for persistence unit 'default'
2026-03-01T00:01:22.725+07:00  INFO 1881 --- [test] [           main] com.zaxxer.hikari.HikariDataSource       : HikariPool-1 - Shutdown initiated...
2026-03-01T00:01:22.726+07:00  INFO 1881 --- [test] [           main] com.zaxxer.hikari.HikariDataSource       : HikariPool-1 - Shutdown completed.
2026-03-01T00:01:22.728+07:00  INFO 1881 --- [test] [           main] .s.b.a.l.ConditionEvaluationReportLogger : 

Error starting ApplicationContext. To display the condition evaluation report re-run your application with 'debug' enabled.
2026-03-01T00:01:22.732+07:00 ERROR 1881 --- [test] [           main] o.s.b.d.LoggingFailureAnalysisReporter   : 

***************************
APPLICATION FAILED TO START
***************************

Description:

Web server failed to start. Port 8080 was already in use.

Action:

Identify and stop the process that's listening on port 8080 or configure this application to listen on another port.


FAILURE: Build failed with an exception.

* What went wrong:
Execution failed for task ':bootRun'.
> Process 'command '/Users/fyfaris/Library/Java/JavaVirtualMachines/ms-21.0.10/Contents/Home/bin/java'' finished with non-zero exit value 1

* Try:
> Run with --stacktrace option to get the stack trace.
> Run with --info or --debug option to get more log output.
> Run with --scan to get full insights from a Build Scan (powered by Develocity).
> Get more help at https://help.gradle.org.

BUILD FAILED in 4s
4 actionable tasks: 2 executed, 2 up-to-date
2026-03-01T00:01:22.780+0700 [DEBUG] [org.gradle.launcher.daemon.server.exec.ExecuteBuild] The daemon has finished executing the build.
2026-03-01T00:01:22.792+0700 [DEBUG] [org.gradle.launcher.daemon.server.DaemonStateCoordinator] daemon stop has been requested. Sleeping until state changes.
2026-03-01T00:01:22.792+0700 [DEBUG] [org.gradle.launcher.daemon.server.DaemonStateCoordinator] Command execution: finished waiting for DaemonCommandExecution[command = Build{id=26a77c41-1c41-4963-8077-20361d36b273, currentDir=/Users/fyfaris/test}, connection = DefaultDaemonConnection: socket connection from /127.0.0.1:60749 to /127.0.0.1:60750]. Result org.gradle.launcher.daemon.server.DaemonStateCoordinator@681172e9 with state StopRequested
2026-03-01T00:01:22.792+0700 [DEBUG] [org.gradle.launcher.daemon.server.DaemonStateCoordinator] Command execution: completed DaemonCommandExecution[command = Build{id=26a77c41-1c41-4963-8077-20361d36b273, currentDir=/Users/fyfaris/test}, connection = DefaultDaemonConnection: socket connection from /127.0.0.1:60749 to /127.0.0.1:60750]
2026-03-01T00:01:22.792+0700 [DEBUG] [org.gradle.launcher.daemon.server.DaemonStateCoordinator] resetting idle timer
2026-03-01T00:01:22.792+0700 [DEBUG] [org.gradle.launcher.daemon.server.DaemonStateCoordinator] Marking daemon stopped due to command completed and stop requested. The daemon is not running a build
2026-03-01T00:01:22.792+0700 [DEBUG] [org.gradle.launcher.daemon.server.DaemonStateCoordinator] daemon has stopped.
2026-03-01T00:01:22.792+0700 [DEBUG] [org.gradle.launcher.daemon.server.exec.ReturnResult] Daemon is dispatching the build result: Success[value=org.gradle.launcher.exec.BuildActionResult@ff7088d]
2026-03-01T00:01:22.792+0700 [DEBUG] [org.gradle.launcher.daemon.server.SynchronizedDispatchConnection] thread 36: dispatching Success[value=org.gradle.launcher.exec.BuildActionResult@ff7088d]
2026-03-01T00:01:22.792+0700 [DEBUG] [org.gradle.launcher.daemon.server.Daemon] stop() called on daemon
2026-03-01T00:01:22.792+0700 [INFO] [org.gradle.launcher.daemon.server.Daemon] Stop requested. Daemon is removing its presence from the registry...
2026-03-01T00:01:22.792+0700 [DEBUG] [org.gradle.launcher.daemon.server.DaemonRegistryUpdater] Removing our presence to clients, eg. removing this address from the registry: [47549537-e30f-40ab-9b95-d5b7ed03f924 port:60749, addresses:[localhost/127.0.0.1]]
2026-03-01T00:01:22.792+0700 [DEBUG] [org.gradle.launcher.daemon.registry.PersistentDaemonRegistry] Removing daemon address: [47549537-e30f-40ab-9b95-d5b7ed03f924 port:60749, addresses:[localhost/127.0.0.1]]
2026-03-01T00:01:22.793+0700 [DEBUG] [org.gradle.cache.internal.DefaultFileLockManager] Waiting to acquire exclusive lock on daemon addresses registry.
2026-03-01T00:01:22.793+0700 [DEBUG] [org.gradle.cache.internal.DefaultFileLockManager] Lock acquired on daemon addresses registry.
2026-03-01T00:01:22.793+0700 [DEBUG] [org.gradle.cache.internal.DefaultFileLockManager] Releasing lock on daemon addresses registry.
2026-03-01T00:01:22.793+0700 [DEBUG] [org.gradle.launcher.daemon.server.DaemonRegistryUpdater] Address removed from registry.
2026-03-01T00:01:22.794+0700 [DEBUG] [org.gradle.launcher.daemon.server.exec.CleanUpVirtualFileSystemAfterBuild] Cleaning virtual file system after build finished
2026-03-01T00:01:22.794+0700 [DEBUG] [org.gradle.launcher.daemon.server.DefaultIncomingConnectionHandler] Finishing executing command: Build{id=26a77c41-1c41-4963-8077-20361d36b273, currentDir=/Users/fyfaris/test}
2026-03-01T00:01:22.803+0700 [DEBUG] [org.gradle.launcher.daemon.server.SynchronizedDispatchConnection] thread 37: received class org.gradle.launcher.daemon.protocol.CloseInput
2026-03-01T00:01:22.803+0700 [DEBUG] [org.gradle.launcher.daemon.server.DefaultDaemonConnection] thread 37: Received IO message from client: org.gradle.launcher.daemon.protocol.CloseInput@291a062b
2026-03-01T00:01:22.803+0700 [DEBUG] [org.gradle.launcher.daemon.server.SynchronizedDispatchConnection] thread 37: received class org.gradle.launcher.daemon.protocol.Finished
2026-03-01T00:01:22.803+0700 [DEBUG] [org.gradle.launcher.daemon.server.DefaultDaemonConnection] thread 37: Received non-IO message from client: org.gradle.launcher.daemon.protocol.Finished@54d24c65
2026-03-01T00:01:22.803+0700 [DEBUG] [org.gradle.launcher.daemon.server.DefaultIncomingConnectionHandler] Received finished message: org.gradle.launcher.daemon.protocol.Finished@54d24c65
2026-03-01T00:01:22.803+0700 [DEBUG] [org.gradle.launcher.daemon.server.SynchronizedDispatchConnection] thread 36: stopping connection
2026-03-01T00:01:22.804+0700 [DEBUG] [org.gradle.internal.remote.internal.inet.SocketConnection] Discarding EOFException: java.io.EOFException
2026-03-01T00:01:22.804+0700 [DEBUG] [org.gradle.launcher.daemon.server.SynchronizedDispatchConnection] thread 37: received null
2026-03-01T00:01:22.804+0700 [DEBUG] [org.gradle.launcher.daemon.server.DefaultDaemonConnection] thread 37: Received end-of-input from client.
2026-03-01T00:01:22.804+0700 [DEBUG] [org.gradle.launcher.daemon.server.SynchronizedDispatchConnection] thread 36: stopping connection
2026-03-01T00:01:22.804+0700 [DEBUG] [org.gradle.cache.internal.LockOnDemandCrossProcessCacheAccess] Releasing file lock for jars (/Users/fyfaris/test/.gradle-local/caches/jars-9)
2026-03-01T00:01:22.805+0700 [DEBUG] [org.gradle.cache.internal.DefaultFileLockManager] Releasing lock on jars (/Users/fyfaris/test/.gradle-local/caches/jars-9).
2026-03-01T00:01:22.805+0700 [DEBUG] [org.gradle.cache.internal.DefaultCacheCleanupExecutor] jars (/Users/fyfaris/test/.gradle-local/caches/jars-9) has last been fully cleaned up 0 hours ago
2026-03-01T00:01:22.805+0700 [DEBUG] [org.gradle.cache.internal.DefaultCacheCleanupExecutor] Skipping cleanup for jars (/Users/fyfaris/test/.gradle-local/caches/jars-9) as it is not yet due
2026-03-01T00:01:22.805+0700 [DEBUG] [org.gradle.cache.internal.LockOnDemandCrossProcessCacheAccess] Releasing file lock for file content cache (/Users/fyfaris/test/.gradle-local/caches/9.3.0/fileContent)
2026-03-01T00:01:22.805+0700 [DEBUG] [org.gradle.cache.internal.DefaultFileLockManager] Releasing lock on file content cache (/Users/fyfaris/test/.gradle-local/caches/9.3.0/fileContent).
2026-03-01T00:01:22.806+0700 [DEBUG] [org.gradle.internal.watch.vfs.impl.WatchingVirtualFileSystem] Closing VFS, dropping state
2026-03-01T00:01:22.806+0700 [DEBUG] [org.gradle.cache.internal.DefaultCacheCoordinator] Cache Generated Gradle JARs cache (/Users/fyfaris/test/.gradle-local/caches/9.3.0/generated-gradle-jars) was closed 0 times.
2026-03-01T00:01:22.806+0700 [DEBUG] [org.gradle.internal.watch.registry.impl.DefaultFileWatcherRegistry] Finished listening to file system change events
2026-03-01T00:01:22.806+0700 [DEBUG] [org.gradle.cache.internal.LockOnDemandCrossProcessCacheAccess] Releasing file lock for artifact cache (/Users/fyfaris/test/.gradle-local/caches/modules-2)
2026-03-01T00:01:22.806+0700 [DEBUG] [org.gradle.cache.internal.btree.BTreePersistentIndexedCache] Closing cache module-artifact.bin (/Users/fyfaris/test/.gradle-local/caches/modules-2/metadata-2.107/module-artifact.bin)
2026-03-01T00:01:22.806+0700 [DEBUG] [org.gradle.cache.internal.btree.BTreePersistentIndexedCache] Closing cache module-metadata.bin (/Users/fyfaris/test/.gradle-local/caches/modules-2/metadata-2.107/module-metadata.bin)
2026-03-01T00:01:22.806+0700 [DEBUG] [org.gradle.cache.internal.DefaultFileLockManager] Releasing lock on artifact cache (/Users/fyfaris/test/.gradle-local/caches/modules-2).
2026-03-01T00:01:22.806+0700 [DEBUG] [org.gradle.cache.internal.DefaultCacheCleanupExecutor] artifact cache (/Users/fyfaris/test/.gradle-local/caches/modules-2) has last been fully cleaned up 0 hours ago
2026-03-01T00:01:22.807+0700 [DEBUG] [org.gradle.cache.internal.DefaultCacheCleanupExecutor] Skipping cleanup for artifact cache (/Users/fyfaris/test/.gradle-local/caches/modules-2) as it is not yet due
2026-03-01T00:01:22.807+0700 [DEBUG] [org.gradle.cache.internal.DefaultCacheCleanupExecutor] groovy-dsl (/Users/fyfaris/test/.gradle-local/caches/9.3.0/groovy-dsl) has last been fully cleaned up 0 hours ago
2026-03-01T00:01:22.807+0700 [DEBUG] [org.gradle.cache.internal.DefaultCacheCleanupExecutor] Skipping cleanup for groovy-dsl (/Users/fyfaris/test/.gradle-local/caches/9.3.0/groovy-dsl) as it is not yet due
2026-03-01T00:01:22.807+0700 [DEBUG] [org.gradle.cache.internal.DefaultCacheCoordinator] Cache groovy-dsl (/Users/fyfaris/test/.gradle-local/caches/9.3.0/groovy-dsl) was closed 0 times.
2026-03-01T00:01:22.807+0700 [DEBUG] [org.gradle.cache.internal.DefaultCacheCleanupExecutor] Artifact transforms cache (/Users/fyfaris/test/.gradle-local/caches/9.3.0/transforms) has last been fully cleaned up 0 hours ago
2026-03-01T00:01:22.807+0700 [DEBUG] [org.gradle.cache.internal.DefaultCacheCleanupExecutor] Skipping cleanup for Artifact transforms cache (/Users/fyfaris/test/.gradle-local/caches/9.3.0/transforms) as it is not yet due
2026-03-01T00:01:22.807+0700 [DEBUG] [org.gradle.cache.internal.DefaultCacheCoordinator] Cache Artifact transforms cache (/Users/fyfaris/test/.gradle-local/caches/9.3.0/transforms) was closed 0 times.
2026-03-01T00:01:22.807+0700 [DEBUG] [org.gradle.cache.internal.LockOnDemandCrossProcessCacheAccess] Releasing file lock for journal cache (/Users/fyfaris/test/.gradle-local/caches/journal-1)
2026-03-01T00:01:22.807+0700 [DEBUG] [org.gradle.cache.internal.btree.BTreePersistentIndexedCache] Closing cache file-access.bin (/Users/fyfaris/test/.gradle-local/caches/journal-1/file-access.bin)
2026-03-01T00:01:22.807+0700 [DEBUG] [org.gradle.cache.internal.DefaultFileLockManager] Releasing lock on journal cache (/Users/fyfaris/test/.gradle-local/caches/journal-1).
2026-03-01T00:01:22.807+0700 [DEBUG] [org.gradle.cache.internal.LockOnDemandCrossProcessCacheAccess] Releasing file lock for file hash cache (/Users/fyfaris/test/.gradle-local/caches/9.3.0/fileHashes)
2026-03-01T00:01:22.807+0700 [DEBUG] [org.gradle.cache.internal.btree.BTreePersistentIndexedCache] Closing cache fileHashes.bin (/Users/fyfaris/test/.gradle-local/caches/9.3.0/fileHashes/fileHashes.bin)
2026-03-01T00:01:22.807+0700 [DEBUG] [org.gradle.cache.internal.btree.BTreePersistentIndexedCache] Closing cache resourceHashesCache.bin (/Users/fyfaris/test/.gradle-local/caches/9.3.0/fileHashes/resourceHashesCache.bin)
2026-03-01T00:01:22.807+0700 [DEBUG] [org.gradle.cache.internal.DefaultFileLockManager] Releasing lock on file hash cache (/Users/fyfaris/test/.gradle-local/caches/9.3.0/fileHashes).
2026-03-01T00:01:22.807+0700 [DEBUG] [org.gradle.internal.operations.DefaultBuildOperationRunner] Build operation 'Deleting unused version-specific caches in /Users/fyfaris/test/.gradle-local/caches' started
2026-03-01T00:01:22.807+0700 [DEBUG] [org.gradle.internal.operations.DefaultBuildOperationRunner] Completing Build operation 'Deleting unused version-specific caches in /Users/fyfaris/test/.gradle-local/caches'
2026-03-01T00:01:22.807+0700 [DEBUG] [org.gradle.internal.operations.DefaultBuildOperationRunner] Build operation 'Deleting unused version-specific caches in /Users/fyfaris/test/.gradle-local/caches' completed
2026-03-01T00:01:22.808+0700 [DEBUG] [org.gradle.launcher.daemon.server.Daemon] stop() called on daemon
2026-03-01T00:01:22.808+0700 [INFO] [org.gradle.launcher.daemon.server.Daemon] Stop requested. Daemon is removing its presence from the registry...
2026-03-01T00:01:22.808+0700 [DEBUG] [org.gradle.launcher.daemon.server.DaemonRegistryUpdater] Removing our presence to clients, eg. removing this address from the registry: [47549537-e30f-40ab-9b95-d5b7ed03f924 port:60749, addresses:[localhost/127.0.0.1]]
2026-03-01T00:01:22.808+0700 [DEBUG] [org.gradle.launcher.daemon.registry.PersistentDaemonRegistry] Removing daemon address: [47549537-e30f-40ab-9b95-d5b7ed03f924 port:60749, addresses:[localhost/127.0.0.1]]
2026-03-01T00:01:22.808+0700 [DEBUG] [org.gradle.cache.internal.DefaultFileLockManager] Waiting to acquire exclusive lock on daemon addresses registry.
2026-03-01T00:01:22.808+0700 [DEBUG] [org.gradle.cache.internal.DefaultFileLockManager] Lock acquired on daemon addresses registry.
2026-03-01T00:01:22.808+0700 [DEBUG] [org.gradle.cache.internal.DefaultFileLockManager] Releasing lock on daemon addresses registry.
2026-03-01T00:01:22.808+0700 [DEBUG] [org.gradle.launcher.daemon.server.DaemonRegistryUpdater] Address removed from registry.
2026-03-01T00:01:22.808+0700 [DEBUG] [org.gradle.cache.internal.locklistener.DefaultFileLockContentionHandler] File lock listener thread completed.
2026-03-01T00:01:22.809+0700 [DEBUG] [java.lang.Runtime] Runtime.exit() called with status: 0
java.lang.Throwable: Runtime.exit(0)
	at java.base/java.lang.Shutdown.logRuntimeExit(Shutdown.java:179)
	at java.base/java.lang.Shutdown.exit(Shutdown.java:160)
	at java.base/java.lang.Runtime.exit(Runtime.java:177)
	at java.base/java.lang.System.exit(System.java:1540)
	at org.gradle.launcher.bootstrap.ProcessCompleter.complete(ProcessCompleter.java:21)
	at org.gradle.launcher.bootstrap.EntryPoint.run(EntryPoint.java:62)
	at java.base/jdk.internal.reflect.DirectMethodHandleAccessor.invoke(DirectMethodHandleAccessor.java:104)
	at java.base/java.lang.reflect.Method.invoke(Method.java:565)
	at org.gradle.launcher.bootstrap.ProcessBootstrap.runNoExit(ProcessBootstrap.java:72)
	at org.gradle.launcher.bootstrap.ProcessBootstrap.run(ProcessBootstrap.java:39)
	at org.gradle.launcher.daemon.bootstrap.GradleDaemon.main(GradleDaemon.java:22)
Daemon vm is shutting down... The daemon has exited normally or was terminated in response to a user interrupt.
2026-03-01T00:01:22.810+0700 [DEBUG] [org.gradle.launcher.daemon.registry.PersistentDaemonRegistry] Removing daemon address: [47549537-e30f-40ab-9b95-d5b7ed03f924 port:60749, addresses:[localhost/127.0.0.1]]
2026-03-01T00:01:22.810+0700 [DEBUG] [org.gradle.launcher.daemon.server.Daemon] VM shutdown hook was unable to remove the daemon address from the registry. It will be cleaned up later.
java.lang.IllegalStateException: Cannot start managing file contention because this handler has been closed.
	at org.gradle.cache.internal.locklistener.DefaultFileLockContentionHandler.assertNotStopped(DefaultFileLockContentionHandler.java:267)
	at org.gradle.cache.internal.locklistener.DefaultFileLockContentionHandler.reservePort(DefaultFileLockContentionHandler.java:312)
	at org.gradle.cache.internal.DefaultFileLockManager.lock(DefaultFileLockManager.java:124)
	at org.gradle.cache.internal.DefaultFileLockManager.lock(DefaultFileLockManager.java:106)
	at org.gradle.cache.internal.DefaultFileLockManager.lock(DefaultFileLockManager.java:101)
	at org.gradle.cache.internal.OnDemandFileAccess.updateFile(OnDemandFileAccess.java:51)
	at org.gradle.cache.internal.FileBackedObjectHolder.update(FileBackedObjectHolder.java:77)
	at org.gradle.cache.internal.FileIntegrityViolationSuppressingObjectHolderDecorator.lambda$update$0(FileIntegrityViolationSuppressingObjectHolderDecorator.java:48)
	at org.gradle.cache.internal.FileIntegrityViolationSuppressingObjectHolderDecorator.doUpdate(FileIntegrityViolationSuppressingObjectHolderDecorator.java:58)
	at org.gradle.cache.internal.FileIntegrityViolationSuppressingObjectHolderDecorator.update(FileIntegrityViolationSuppressingObjectHolderDecorator.java:48)
	at org.gradle.launcher.daemon.registry.PersistentDaemonRegistry.remove(PersistentDaemonRegistry.java:133)
	at org.gradle.launcher.daemon.server.Daemon$1.run(Daemon.java:133)
	at java.base/java.lang.Thread.run(Thread.java:1474)
