2026-03-01T00:31:05.150+0700 [DEBUG] [org.gradle.launcher.daemon.bootstrap.DaemonMain] Assuming the daemon was started with following jvm opts: [-XX:MaxMetaspaceSize=384m, -XX:+HeapDumpOnOutOfMemoryError, -Xms256m, -Xmx512m, -Dfile.encoding=UTF-8, -Duser.country=KH, -Duser.language=en, -Duser.variant]
2026-03-01T00:31:05.195+0700 [DEBUG] [org.gradle.internal.remote.internal.inet.InetAddresses] Adding IP addresses for network interface utun3
2026-03-01T00:31:05.195+0700 [DEBUG] [org.gradle.internal.remote.internal.inet.InetAddresses] Is this a loopback interface? false
2026-03-01T00:31:05.195+0700 [DEBUG] [org.gradle.internal.remote.internal.inet.InetAddresses] Adding remote address /fe80:0:0:0:ce81:b1c:bd2c:69e%utun3
2026-03-01T00:31:05.195+0700 [DEBUG] [org.gradle.internal.remote.internal.inet.InetAddresses] Adding IP addresses for network interface utun2
2026-03-01T00:31:05.195+0700 [DEBUG] [org.gradle.internal.remote.internal.inet.InetAddresses] Is this a loopback interface? false
2026-03-01T00:31:05.195+0700 [DEBUG] [org.gradle.internal.remote.internal.inet.InetAddresses] Adding remote address /fe80:0:0:0:b468:7b19:cd77:9c00%utun2
2026-03-01T00:31:05.195+0700 [DEBUG] [org.gradle.internal.remote.internal.inet.InetAddresses] Adding IP addresses for network interface utun1
2026-03-01T00:31:05.195+0700 [DEBUG] [org.gradle.internal.remote.internal.inet.InetAddresses] Is this a loopback interface? false
2026-03-01T00:31:05.195+0700 [DEBUG] [org.gradle.internal.remote.internal.inet.InetAddresses] Adding remote address /fe80:0:0:0:a809:797f:e6ec:df41%utun1
2026-03-01T00:31:05.195+0700 [DEBUG] [org.gradle.internal.remote.internal.inet.InetAddresses] Adding IP addresses for network interface utun0
2026-03-01T00:31:05.196+0700 [DEBUG] [org.gradle.internal.remote.internal.inet.InetAddresses] Is this a loopback interface? false
2026-03-01T00:31:05.196+0700 [DEBUG] [org.gradle.internal.remote.internal.inet.InetAddresses] Adding remote address /fe80:0:0:0:f6e2:dc8e:d94c:ebdf%utun0
2026-03-01T00:31:05.196+0700 [DEBUG] [org.gradle.internal.remote.internal.inet.InetAddresses] Adding IP addresses for network interface llw0
2026-03-01T00:31:05.196+0700 [DEBUG] [org.gradle.internal.remote.internal.inet.InetAddresses] Is this a loopback interface? false
2026-03-01T00:31:05.196+0700 [DEBUG] [org.gradle.internal.remote.internal.inet.InetAddresses] Adding remote address /fe80:0:0:0:8026:11ff:fe58:9ddf%llw0
2026-03-01T00:31:05.196+0700 [DEBUG] [org.gradle.internal.remote.internal.inet.InetAddresses] Adding IP addresses for network interface awdl0
2026-03-01T00:31:05.196+0700 [DEBUG] [org.gradle.internal.remote.internal.inet.InetAddresses] Is this a loopback interface? false
2026-03-01T00:31:05.196+0700 [DEBUG] [org.gradle.internal.remote.internal.inet.InetAddresses] Adding remote address /fe80:0:0:0:8026:11ff:fe58:9ddf%awdl0
2026-03-01T00:31:05.196+0700 [DEBUG] [org.gradle.internal.remote.internal.inet.InetAddresses] Adding IP addresses for network interface en0
2026-03-01T00:31:05.196+0700 [DEBUG] [org.gradle.internal.remote.internal.inet.InetAddresses] Is this a loopback interface? false
2026-03-01T00:31:05.196+0700 [DEBUG] [org.gradle.internal.remote.internal.inet.InetAddresses] Adding remote address /fe80:0:0:0:ec:46aa:5fd8:cae4%en0
2026-03-01T00:31:05.197+0700 [DEBUG] [org.gradle.internal.remote.internal.inet.InetAddresses] Adding remote address /192.168.1.2
2026-03-01T00:31:05.197+0700 [DEBUG] [org.gradle.internal.remote.internal.inet.InetAddresses] Adding IP addresses for network interface lo0
2026-03-01T00:31:05.197+0700 [DEBUG] [org.gradle.internal.remote.internal.inet.InetAddresses] Is this a loopback interface? true
2026-03-01T00:31:05.197+0700 [DEBUG] [org.gradle.internal.remote.internal.inet.InetAddresses] Ignoring remote address on loopback interface /fe80:0:0:0:0:0:0:1%lo0
2026-03-01T00:31:05.197+0700 [DEBUG] [org.gradle.internal.remote.internal.inet.InetAddresses] Adding loopback address /0:0:0:0:0:0:0:1%lo0
2026-03-01T00:31:05.197+0700 [DEBUG] [org.gradle.internal.remote.internal.inet.InetAddresses] Adding loopback address /127.0.0.1
2026-03-01T00:31:05.210+0700 [INFO] [org.gradle.launcher.daemon.server.Daemon] start() called on daemon - DefaultDaemonContext[uid=788f424b-5c89-4d3a-9cec-ac73962de254,javaHome=/Library/Java/JavaVirtualMachines/jdk-25.jdk/Contents/Home,javaVersion=25,javaVendor=Oracle Corporation,daemonRegistryDir=/Users/fyfaris/test/.gradle-local/daemon,pid=4242,idleTimeout=120000,priority=NORMAL,applyInstrumentationAgent=true,nativeServicesMode=ENABLED,daemonOpts=-XX:MaxMetaspaceSize=384m,-XX:+HeapDumpOnOutOfMemoryError,-Xms256m,-Xmx512m,-Dfile.encoding=UTF-8,-Duser.country=KH,-Duser.language=en,-Duser.variant]
2026-03-01T00:31:05.215+0700 [DEBUG] [org.gradle.internal.remote.internal.inet.TcpIncomingConnector] Listening on [b6a6b1ba-62cf-4f8d-968b-78f892848771 port:64301, addresses:[localhost/127.0.0.1]].
2026-03-01T00:31:05.225+0700 [DEBUG] [org.gradle.launcher.daemon.server.Daemon] Daemon starting at: Sun Mar 01 00:31:05 GMT+07:00 2026, with address: [b6a6b1ba-62cf-4f8d-968b-78f892848771 port:64301, addresses:[localhost/127.0.0.1]]
2026-03-01T00:31:05.225+0700 [INFO] [org.gradle.launcher.daemon.server.DaemonRegistryUpdater] Advertising the daemon address to the clients: [b6a6b1ba-62cf-4f8d-968b-78f892848771 port:64301, addresses:[localhost/127.0.0.1]]
2026-03-01T00:31:05.225+0700 [DEBUG] [org.gradle.launcher.daemon.server.DaemonRegistryUpdater] Advertised daemon context: DefaultDaemonContext[uid=788f424b-5c89-4d3a-9cec-ac73962de254,javaHome=/Library/Java/JavaVirtualMachines/jdk-25.jdk/Contents/Home,javaVersion=25,javaVendor=Oracle Corporation,daemonRegistryDir=/Users/fyfaris/test/.gradle-local/daemon,pid=4242,idleTimeout=120000,priority=NORMAL,applyInstrumentationAgent=true,nativeServicesMode=ENABLED,daemonOpts=-XX:MaxMetaspaceSize=384m,-XX:+HeapDumpOnOutOfMemoryError,-Xms256m,-Xmx512m,-Dfile.encoding=UTF-8,-Duser.country=KH,-Duser.language=en,-Duser.variant]
2026-03-01T00:31:05.226+0700 [DEBUG] [org.gradle.launcher.daemon.registry.PersistentDaemonRegistry] Storing daemon address: [b6a6b1ba-62cf-4f8d-968b-78f892848771 port:64301, addresses:[localhost/127.0.0.1]], context: DefaultDaemonContext[uid=788f424b-5c89-4d3a-9cec-ac73962de254,javaHome=/Library/Java/JavaVirtualMachines/jdk-25.jdk/Contents/Home,javaVersion=25,javaVendor=Oracle Corporation,daemonRegistryDir=/Users/fyfaris/test/.gradle-local/daemon,pid=4242,idleTimeout=120000,priority=NORMAL,applyInstrumentationAgent=true,nativeServicesMode=ENABLED,daemonOpts=-XX:MaxMetaspaceSize=384m,-XX:+HeapDumpOnOutOfMemoryError,-Xms256m,-Xmx512m,-Dfile.encoding=UTF-8,-Duser.country=KH,-Duser.language=en,-Duser.variant]
2026-03-01T00:31:05.228+0700 [DEBUG] [org.gradle.cache.internal.DefaultFileLockManager] Waiting to acquire exclusive lock on daemon addresses registry.
2026-03-01T00:31:05.230+0700 [DEBUG] [org.gradle.cache.internal.DefaultFileLockManager] Lock acquired on daemon addresses registry.
2026-03-01T00:31:05.231+0700 [DEBUG] [org.gradle.cache.internal.DefaultFileLockManager] Releasing lock on daemon addresses registry.
2026-03-01T00:31:05.231+0700 [LIFECYCLE] [org.gradle.launcher.daemon.server.Daemon] Daemon server started.
2026-03-01T00:31:05.231+0700 [DEBUG] [org.gradle.launcher.daemon.bootstrap.DaemonStartupCommunication] Completed writing the daemon greeting. Closing streams...
2026-03-01T00:31:05.234+0700 [DEBUG] [org.gradle.launcher.daemon.server.Daemon] stopOnExpiration() called on daemon
2026-03-01T00:31:05.235+0700 [DEBUG] [org.gradle.launcher.daemon.server.Daemon] awaitExpiration() called on daemon
2026-03-01T00:31:05.235+0700 [DEBUG] [org.gradle.launcher.daemon.server.DaemonStateCoordinator] daemon is running. Sleeping until state changes.
2026-03-01T00:31:05.239+0700 [DEBUG] [org.gradle.internal.remote.internal.inet.TcpIncomingConnector] Accepted connection from /127.0.0.1:64302 to /127.0.0.1:64301.
2026-03-01T00:31:05.247+0700 [DEBUG] [org.gradle.launcher.daemon.server.SynchronizedDispatchConnection] thread 37: received class org.gradle.launcher.daemon.protocol.Build
2026-03-01T00:31:05.248+0700 [DEBUG] [org.gradle.launcher.daemon.server.DefaultDaemonConnection] thread 37: Received non-IO message from client: Build{id=51d86db5-48ec-4f83-a612-134e2edd4db3, currentDir=/Users/fyfaris/test}
2026-03-01T00:31:05.248+0700 [INFO] [org.gradle.launcher.daemon.server.DefaultIncomingConnectionHandler] Received command: Build{id=51d86db5-48ec-4f83-a612-134e2edd4db3, currentDir=/Users/fyfaris/test}.
2026-03-01T00:31:05.248+0700 [DEBUG] [org.gradle.launcher.daemon.server.DefaultIncomingConnectionHandler] Starting executing command: Build{id=51d86db5-48ec-4f83-a612-134e2edd4db3, currentDir=/Users/fyfaris/test} with connection: socket connection from /127.0.0.1:64301 to /127.0.0.1:64302.
2026-03-01T00:31:05.249+0700 [DEBUG] [org.gradle.launcher.daemon.server.DaemonStateCoordinator] Command execution: started DaemonCommandExecution[command = Build{id=51d86db5-48ec-4f83-a612-134e2edd4db3, currentDir=/Users/fyfaris/test}, connection = DefaultDaemonConnection: socket connection from /127.0.0.1:64301 to /127.0.0.1:64302] after 5.666666666666667E-4 minutes of idle
2026-03-01T00:31:05.249+0700 [INFO] [org.gradle.launcher.daemon.server.DaemonRegistryUpdater] Marking the daemon as busy, address: [b6a6b1ba-62cf-4f8d-968b-78f892848771 port:64301, addresses:[localhost/127.0.0.1]]
2026-03-01T00:31:05.249+0700 [DEBUG] [org.gradle.launcher.daemon.registry.PersistentDaemonRegistry] Marking busy by address: [b6a6b1ba-62cf-4f8d-968b-78f892848771 port:64301, addresses:[localhost/127.0.0.1]]
2026-03-01T00:31:05.249+0700 [DEBUG] [org.gradle.cache.internal.DefaultFileLockManager] Waiting to acquire exclusive lock on daemon addresses registry.
2026-03-01T00:31:05.249+0700 [DEBUG] [org.gradle.cache.internal.DefaultFileLockManager] Lock acquired on daemon addresses registry.
2026-03-01T00:31:05.249+0700 [DEBUG] [org.gradle.cache.internal.DefaultFileLockManager] Releasing lock on daemon addresses registry.
2026-03-01T00:31:05.250+0700 [DEBUG] [org.gradle.launcher.daemon.server.DaemonStateCoordinator] resetting idle timer
2026-03-01T00:31:05.250+0700 [DEBUG] [org.gradle.launcher.daemon.server.DaemonStateCoordinator] daemon is running. Sleeping until state changes.
2026-03-01T00:31:05.250+0700 [INFO] [org.gradle.launcher.daemon.server.exec.StartBuildOrRespondWithBusy] Daemon is about to start building Build{id=51d86db5-48ec-4f83-a612-134e2edd4db3, currentDir=/Users/fyfaris/test}. Dispatching build started information...
2026-03-01T00:31:05.250+0700 [DEBUG] [org.gradle.launcher.daemon.server.SynchronizedDispatchConnection] thread 39: dispatching org.gradle.launcher.daemon.protocol.BuildStarted@10b4ddfc
2026-03-01T00:31:05.251+0700 [DEBUG] [org.gradle.launcher.daemon.server.exec.EstablishBuildEnvironment] Configuring env variables: [PATH, GIT_PAGER, TERM, HOMEBREW_PREFIX, LANG, COMMAND_MODE, GH_PAGER, GRADLE_USER_HOME, COLORTERM, LOGNAME, CODEX_THREAD_ID, HOMEBREW_REPOSITORY, NO_COLOR, XPC_SERVICE_NAME, PWD, INFOPATH, __CFBundleIdentifier, CODEX_CI, SHELL, CODEX_SANDBOX_NETWORK_DISABLED, PAGER, CODEX_PATH, CODEX_HOME, HOMEBREW_CELLAR, USER, TMPDIR, SSH_AUTH_SOCK, XPC_FLAGS, LC_ALL, __CF_USER_TEXT_ENCODING, LC_CTYPE, SHLVL, HOME]
2026-03-01T00:31:05.252+0700 [DEBUG] [org.gradle.launcher.daemon.server.exec.LogToClient] About to start relaying all logs to the client via the connection.
2026-03-01T00:31:05.252+0700 [INFO] [org.gradle.launcher.daemon.server.exec.LogToClient] The client will now receive all logging from the daemon (pid: 4242). The daemon log file: /Users/fyfaris/test/.gradle-local/daemon/9.3.0/daemon-4242.out.log
2026-03-01T00:31:05.252+0700 [DEBUG] [org.gradle.launcher.daemon.server.exec.RequestStopIfSingleUsedDaemon] Requesting daemon stop after processing Build{id=51d86db5-48ec-4f83-a612-134e2edd4db3, currentDir=/Users/fyfaris/test}
2026-03-01T00:31:05.252+0700 [LIFECYCLE] [org.gradle.launcher.daemon.server.DaemonStateCoordinator] Daemon will be stopped at the end of the build 
2026-03-01T00:31:05.253+0700 [DEBUG] [org.gradle.launcher.daemon.server.DaemonStateCoordinator] Stop as soon as idle requested. The daemon is busy
2026-03-01T00:31:05.253+0700 [DEBUG] [org.gradle.launcher.daemon.server.DaemonStateCoordinator] daemon stop has been requested. Sleeping until state changes.
2026-03-01T00:31:05.254+0700 [DEBUG] [org.gradle.launcher.daemon.server.exec.ExecuteBuild] The daemon has started executing the build.
2026-03-01T00:31:05.254+0700 [DEBUG] [org.gradle.launcher.daemon.server.exec.ExecuteBuild] Executing build with daemon context: DefaultDaemonContext[uid=788f424b-5c89-4d3a-9cec-ac73962de254,javaHome=/Library/Java/JavaVirtualMachines/jdk-25.jdk/Contents/Home,javaVersion=25,javaVendor=Oracle Corporation,daemonRegistryDir=/Users/fyfaris/test/.gradle-local/daemon,pid=4242,idleTimeout=120000,priority=NORMAL,applyInstrumentationAgent=true,nativeServicesMode=ENABLED,daemonOpts=-XX:MaxMetaspaceSize=384m,-XX:+HeapDumpOnOutOfMemoryError,-Xms256m,-Xmx512m,-Dfile.encoding=UTF-8,-Duser.country=KH,-Duser.language=en,-Duser.variant]

BUILD SUCCESSFUL in 3s
1 actionable task: 1 executed
Consider enabling configuration cache to speed up this build: https://docs.gradle.org/9.3.0/userguide/configuration_cache_enabling.html
2026-03-01T00:31:07.817+0700 [DEBUG] [org.gradle.launcher.daemon.server.exec.ExecuteBuild] The daemon has finished executing the build.
2026-03-01T00:31:07.830+0700 [DEBUG] [org.gradle.launcher.daemon.server.DaemonStateCoordinator] daemon stop has been requested. Sleeping until state changes.
2026-03-01T00:31:07.830+0700 [DEBUG] [org.gradle.launcher.daemon.server.DaemonStateCoordinator] Command execution: finished waiting for DaemonCommandExecution[command = Build{id=51d86db5-48ec-4f83-a612-134e2edd4db3, currentDir=/Users/fyfaris/test}, connection = DefaultDaemonConnection: socket connection from /127.0.0.1:64301 to /127.0.0.1:64302]. Result org.gradle.launcher.daemon.server.DaemonStateCoordinator@502ac77c with state StopRequested
2026-03-01T00:31:07.830+0700 [DEBUG] [org.gradle.launcher.daemon.server.DaemonStateCoordinator] Command execution: completed DaemonCommandExecution[command = Build{id=51d86db5-48ec-4f83-a612-134e2edd4db3, currentDir=/Users/fyfaris/test}, connection = DefaultDaemonConnection: socket connection from /127.0.0.1:64301 to /127.0.0.1:64302]
2026-03-01T00:31:07.830+0700 [DEBUG] [org.gradle.launcher.daemon.server.DaemonStateCoordinator] resetting idle timer
2026-03-01T00:31:07.830+0700 [DEBUG] [org.gradle.launcher.daemon.server.DaemonStateCoordinator] Marking daemon stopped due to command completed and stop requested. The daemon is not running a build
2026-03-01T00:31:07.830+0700 [DEBUG] [org.gradle.launcher.daemon.server.DaemonStateCoordinator] daemon has stopped.
2026-03-01T00:31:07.830+0700 [DEBUG] [org.gradle.launcher.daemon.server.exec.ReturnResult] Daemon is dispatching the build result: Success[value=org.gradle.launcher.exec.BuildActionResult@4bb3b6a7]
2026-03-01T00:31:07.830+0700 [DEBUG] [org.gradle.launcher.daemon.server.SynchronizedDispatchConnection] thread 36: dispatching Success[value=org.gradle.launcher.exec.BuildActionResult@4bb3b6a7]
2026-03-01T00:31:07.830+0700 [DEBUG] [org.gradle.launcher.daemon.server.Daemon] stop() called on daemon
2026-03-01T00:31:07.830+0700 [INFO] [org.gradle.launcher.daemon.server.Daemon] Stop requested. Daemon is removing its presence from the registry...
2026-03-01T00:31:07.830+0700 [DEBUG] [org.gradle.launcher.daemon.server.DaemonRegistryUpdater] Removing our presence to clients, eg. removing this address from the registry: [b6a6b1ba-62cf-4f8d-968b-78f892848771 port:64301, addresses:[localhost/127.0.0.1]]
2026-03-01T00:31:07.830+0700 [DEBUG] [org.gradle.launcher.daemon.registry.PersistentDaemonRegistry] Removing daemon address: [b6a6b1ba-62cf-4f8d-968b-78f892848771 port:64301, addresses:[localhost/127.0.0.1]]
2026-03-01T00:31:07.831+0700 [DEBUG] [org.gradle.launcher.daemon.server.exec.CleanUpVirtualFileSystemAfterBuild] Cleaning virtual file system after build finished
2026-03-01T00:31:07.831+0700 [DEBUG] [org.gradle.cache.internal.DefaultFileLockManager] Waiting to acquire exclusive lock on daemon addresses registry.
2026-03-01T00:31:07.831+0700 [DEBUG] [org.gradle.launcher.daemon.server.SynchronizedDispatchConnection] thread 37: received class org.gradle.launcher.daemon.protocol.CloseInput
2026-03-01T00:31:07.831+0700 [DEBUG] [org.gradle.launcher.daemon.server.DefaultIncomingConnectionHandler] Finishing executing command: Build{id=51d86db5-48ec-4f83-a612-134e2edd4db3, currentDir=/Users/fyfaris/test}
2026-03-01T00:31:07.831+0700 [DEBUG] [org.gradle.cache.internal.DefaultFileLockManager] Lock acquired on daemon addresses registry.
2026-03-01T00:31:07.831+0700 [DEBUG] [org.gradle.launcher.daemon.server.DefaultDaemonConnection] thread 37: Received IO message from client: org.gradle.launcher.daemon.protocol.CloseInput@15215e17
2026-03-01T00:31:07.831+0700 [DEBUG] [org.gradle.launcher.daemon.server.SynchronizedDispatchConnection] thread 37: received class org.gradle.launcher.daemon.protocol.Finished
2026-03-01T00:31:07.831+0700 [DEBUG] [org.gradle.launcher.daemon.server.DefaultDaemonConnection] thread 37: Received non-IO message from client: org.gradle.launcher.daemon.protocol.Finished@42057811
2026-03-01T00:31:07.832+0700 [DEBUG] [org.gradle.launcher.daemon.server.DefaultIncomingConnectionHandler] Received finished message: org.gradle.launcher.daemon.protocol.Finished@42057811
2026-03-01T00:31:07.832+0700 [DEBUG] [org.gradle.launcher.daemon.server.SynchronizedDispatchConnection] thread 36: stopping connection
2026-03-01T00:31:07.832+0700 [DEBUG] [org.gradle.cache.internal.DefaultFileLockManager] Releasing lock on daemon addresses registry.
2026-03-01T00:31:07.832+0700 [DEBUG] [org.gradle.launcher.daemon.server.DaemonRegistryUpdater] Address removed from registry.
2026-03-01T00:31:07.832+0700 [DEBUG] [org.gradle.internal.remote.internal.inet.SocketConnection] Discarding EOFException: java.io.EOFException
2026-03-01T00:31:07.832+0700 [DEBUG] [org.gradle.launcher.daemon.server.SynchronizedDispatchConnection] thread 37: received null
2026-03-01T00:31:07.832+0700 [DEBUG] [org.gradle.launcher.daemon.server.DefaultDaemonConnection] thread 37: Received end-of-input from client.
2026-03-01T00:31:07.832+0700 [DEBUG] [org.gradle.launcher.daemon.server.SynchronizedDispatchConnection] thread 36: stopping connection
2026-03-01T00:31:07.833+0700 [DEBUG] [org.gradle.workers.internal.WorkerDaemonClientsManager] Stopping 1 worker daemon(s).
2026-03-01T00:31:07.842+0700 [DEBUG] [org.gradle.process.internal.DefaultExecHandle] Changing state to: SUCCEEDED
2026-03-01T00:31:07.842+0700 [DEBUG] [org.gradle.process.internal.DefaultExecHandle] Process 'Gradle Worker Daemon 1' finished with exit value 0 (state: SUCCEEDED)
2026-03-01T00:31:07.843+0700 [INFO] [org.gradle.workers.internal.WorkerDaemonClientsManager] Stopped 1 worker daemon(s).
2026-03-01T00:31:07.846+0700 [DEBUG] [org.gradle.cache.internal.LockOnDemandCrossProcessCacheAccess] Releasing file lock for jars (/Users/fyfaris/test/.gradle-local/caches/jars-9)
2026-03-01T00:31:07.846+0700 [DEBUG] [org.gradle.cache.internal.DefaultFileLockManager] Releasing lock on jars (/Users/fyfaris/test/.gradle-local/caches/jars-9).
2026-03-01T00:31:07.846+0700 [DEBUG] [org.gradle.cache.internal.DefaultCacheCleanupExecutor] jars (/Users/fyfaris/test/.gradle-local/caches/jars-9) has last been fully cleaned up 0 hours ago
2026-03-01T00:31:07.847+0700 [DEBUG] [org.gradle.cache.internal.DefaultCacheCleanupExecutor] Skipping cleanup for jars (/Users/fyfaris/test/.gradle-local/caches/jars-9) as it is not yet due
2026-03-01T00:31:07.847+0700 [DEBUG] [org.gradle.cache.internal.LockOnDemandCrossProcessCacheAccess] Releasing file lock for file content cache (/Users/fyfaris/test/.gradle-local/caches/9.3.0/fileContent)
2026-03-01T00:31:07.847+0700 [DEBUG] [org.gradle.cache.internal.btree.BTreePersistentIndexedCache] Closing cache annotation-processors.bin (/Users/fyfaris/test/.gradle-local/caches/9.3.0/fileContent/annotation-processors.bin)
2026-03-01T00:31:07.847+0700 [DEBUG] [org.gradle.cache.internal.DefaultFileLockManager] Releasing lock on file content cache (/Users/fyfaris/test/.gradle-local/caches/9.3.0/fileContent).
2026-03-01T00:31:07.847+0700 [DEBUG] [org.gradle.internal.watch.vfs.impl.WatchingVirtualFileSystem] Closing VFS, dropping state
2026-03-01T00:31:07.847+0700 [DEBUG] [org.gradle.internal.watch.registry.impl.DefaultFileWatcherRegistry] Finished listening to file system change events
2026-03-01T00:31:07.847+0700 [DEBUG] [org.gradle.cache.internal.DefaultCacheCoordinator] Cache Generated Gradle JARs cache (/Users/fyfaris/test/.gradle-local/caches/9.3.0/generated-gradle-jars) was closed 0 times.
2026-03-01T00:31:07.847+0700 [DEBUG] [org.gradle.cache.internal.LockOnDemandCrossProcessCacheAccess] Releasing file lock for artifact cache (/Users/fyfaris/test/.gradle-local/caches/modules-2)
2026-03-01T00:31:07.847+0700 [DEBUG] [org.gradle.cache.internal.btree.BTreePersistentIndexedCache] Closing cache module-artifact.bin (/Users/fyfaris/test/.gradle-local/caches/modules-2/metadata-2.107/module-artifact.bin)
2026-03-01T00:31:07.847+0700 [DEBUG] [org.gradle.cache.internal.btree.BTreePersistentIndexedCache] Closing cache module-metadata.bin (/Users/fyfaris/test/.gradle-local/caches/modules-2/metadata-2.107/module-metadata.bin)
2026-03-01T00:31:07.848+0700 [DEBUG] [org.gradle.cache.internal.DefaultFileLockManager] Releasing lock on artifact cache (/Users/fyfaris/test/.gradle-local/caches/modules-2).
2026-03-01T00:31:07.848+0700 [DEBUG] [org.gradle.cache.internal.DefaultCacheCleanupExecutor] artifact cache (/Users/fyfaris/test/.gradle-local/caches/modules-2) has last been fully cleaned up 0 hours ago
2026-03-01T00:31:07.848+0700 [DEBUG] [org.gradle.cache.internal.DefaultCacheCleanupExecutor] Skipping cleanup for artifact cache (/Users/fyfaris/test/.gradle-local/caches/modules-2) as it is not yet due
2026-03-01T00:31:07.848+0700 [DEBUG] [org.gradle.cache.internal.DefaultCacheCleanupExecutor] groovy-dsl (/Users/fyfaris/test/.gradle-local/caches/9.3.0/groovy-dsl) has last been fully cleaned up 0 hours ago
2026-03-01T00:31:07.848+0700 [DEBUG] [org.gradle.cache.internal.DefaultCacheCleanupExecutor] Skipping cleanup for groovy-dsl (/Users/fyfaris/test/.gradle-local/caches/9.3.0/groovy-dsl) as it is not yet due
2026-03-01T00:31:07.848+0700 [DEBUG] [org.gradle.cache.internal.DefaultCacheCoordinator] Cache groovy-dsl (/Users/fyfaris/test/.gradle-local/caches/9.3.0/groovy-dsl) was closed 0 times.
2026-03-01T00:31:07.848+0700 [DEBUG] [org.gradle.cache.internal.DefaultCacheCleanupExecutor] Artifact transforms cache (/Users/fyfaris/test/.gradle-local/caches/9.3.0/transforms) has last been fully cleaned up 0 hours ago
2026-03-01T00:31:07.848+0700 [DEBUG] [org.gradle.cache.internal.DefaultCacheCleanupExecutor] Skipping cleanup for Artifact transforms cache (/Users/fyfaris/test/.gradle-local/caches/9.3.0/transforms) as it is not yet due
2026-03-01T00:31:07.848+0700 [DEBUG] [org.gradle.cache.internal.DefaultCacheCoordinator] Cache Artifact transforms cache (/Users/fyfaris/test/.gradle-local/caches/9.3.0/transforms) was closed 0 times.
2026-03-01T00:31:07.848+0700 [DEBUG] [org.gradle.cache.internal.LockOnDemandCrossProcessCacheAccess] Releasing file lock for journal cache (/Users/fyfaris/test/.gradle-local/caches/journal-1)
2026-03-01T00:31:07.848+0700 [DEBUG] [org.gradle.cache.internal.btree.BTreePersistentIndexedCache] Closing cache file-access.bin (/Users/fyfaris/test/.gradle-local/caches/journal-1/file-access.bin)
2026-03-01T00:31:07.848+0700 [DEBUG] [org.gradle.cache.internal.DefaultFileLockManager] Releasing lock on journal cache (/Users/fyfaris/test/.gradle-local/caches/journal-1).
2026-03-01T00:31:07.848+0700 [DEBUG] [org.gradle.cache.internal.LockOnDemandCrossProcessCacheAccess] Releasing file lock for file hash cache (/Users/fyfaris/test/.gradle-local/caches/9.3.0/fileHashes)
2026-03-01T00:31:07.848+0700 [DEBUG] [org.gradle.cache.internal.btree.BTreePersistentIndexedCache] Closing cache fileHashes.bin (/Users/fyfaris/test/.gradle-local/caches/9.3.0/fileHashes/fileHashes.bin)
2026-03-01T00:31:07.848+0700 [DEBUG] [org.gradle.cache.internal.btree.BTreePersistentIndexedCache] Closing cache resourceHashesCache.bin (/Users/fyfaris/test/.gradle-local/caches/9.3.0/fileHashes/resourceHashesCache.bin)
2026-03-01T00:31:07.848+0700 [DEBUG] [org.gradle.cache.internal.DefaultFileLockManager] Releasing lock on file hash cache (/Users/fyfaris/test/.gradle-local/caches/9.3.0/fileHashes).
2026-03-01T00:31:07.849+0700 [DEBUG] [org.gradle.cache.internal.LockOnDemandCrossProcessCacheAccess] Releasing file lock for Java compile cache (/Users/fyfaris/test/.gradle-local/caches/9.3.0/javaCompile)
2026-03-01T00:31:07.849+0700 [DEBUG] [org.gradle.cache.internal.btree.BTreePersistentIndexedCache] Closing cache jarAnalysis.bin (/Users/fyfaris/test/.gradle-local/caches/9.3.0/javaCompile/jarAnalysis.bin)
2026-03-01T00:31:07.849+0700 [DEBUG] [org.gradle.cache.internal.btree.BTreePersistentIndexedCache] Closing cache classAnalysis.bin (/Users/fyfaris/test/.gradle-local/caches/9.3.0/javaCompile/classAnalysis.bin)
2026-03-01T00:31:07.849+0700 [DEBUG] [org.gradle.cache.internal.DefaultFileLockManager] Releasing lock on Java compile cache (/Users/fyfaris/test/.gradle-local/caches/9.3.0/javaCompile).
2026-03-01T00:31:07.849+0700 [DEBUG] [org.gradle.internal.operations.DefaultBuildOperationRunner] Build operation 'Deleting unused version-specific caches in /Users/fyfaris/test/.gradle-local/caches' started
2026-03-01T00:31:07.849+0700 [DEBUG] [org.gradle.internal.operations.DefaultBuildOperationRunner] Completing Build operation 'Deleting unused version-specific caches in /Users/fyfaris/test/.gradle-local/caches'
2026-03-01T00:31:07.849+0700 [DEBUG] [org.gradle.internal.operations.DefaultBuildOperationRunner] Build operation 'Deleting unused version-specific caches in /Users/fyfaris/test/.gradle-local/caches' completed
2026-03-01T00:31:07.849+0700 [DEBUG] [org.gradle.launcher.daemon.server.Daemon] stop() called on daemon
2026-03-01T00:31:07.849+0700 [INFO] [org.gradle.launcher.daemon.server.Daemon] Stop requested. Daemon is removing its presence from the registry...
2026-03-01T00:31:07.849+0700 [DEBUG] [org.gradle.launcher.daemon.server.DaemonRegistryUpdater] Removing our presence to clients, eg. removing this address from the registry: [b6a6b1ba-62cf-4f8d-968b-78f892848771 port:64301, addresses:[localhost/127.0.0.1]]
2026-03-01T00:31:07.849+0700 [DEBUG] [org.gradle.launcher.daemon.registry.PersistentDaemonRegistry] Removing daemon address: [b6a6b1ba-62cf-4f8d-968b-78f892848771 port:64301, addresses:[localhost/127.0.0.1]]
2026-03-01T00:31:07.850+0700 [DEBUG] [org.gradle.cache.internal.DefaultFileLockManager] Waiting to acquire exclusive lock on daemon addresses registry.
2026-03-01T00:31:07.850+0700 [DEBUG] [org.gradle.cache.internal.DefaultFileLockManager] Lock acquired on daemon addresses registry.
2026-03-01T00:31:07.850+0700 [DEBUG] [org.gradle.cache.internal.DefaultFileLockManager] Releasing lock on daemon addresses registry.
2026-03-01T00:31:07.850+0700 [DEBUG] [org.gradle.launcher.daemon.server.DaemonRegistryUpdater] Address removed from registry.
2026-03-01T00:31:07.850+0700 [DEBUG] [org.gradle.cache.internal.locklistener.DefaultFileLockContentionHandler] File lock listener thread completed.
2026-03-01T00:31:07.851+0700 [DEBUG] [java.lang.Runtime] Runtime.exit() called with status: 0
java.lang.Throwable: Runtime.exit(0)
	at java.base/java.lang.Shutdown.logRuntimeExit(Shutdown.java:179)
	at java.base/java.lang.Shutdown.exit(Shutdown.java:160)
	at java.base/java.lang.Runtime.exit(Runtime.java:177)
	at java.base/java.lang.System.exit(System.java:1540)
	at org.gradle.launcher.bootstrap.ProcessCompleter.complete(ProcessCompleter.java:21)
	at org.gradle.launcher.bootstrap.EntryPoint.run(EntryPoint.java:62)
	at java.base/jdk.internal.reflect.DirectMethodHandleAccessor.invoke(DirectMethodHandleAccessor.java:104)
	at java.base/java.lang.reflect.Method.invoke(Method.java:565)
	at org.gradle.launcher.bootstrap.ProcessBootstrap.runNoExit(ProcessBootstrap.java:72)
	at org.gradle.launcher.bootstrap.ProcessBootstrap.run(ProcessBootstrap.java:39)
	at org.gradle.launcher.daemon.bootstrap.GradleDaemon.main(GradleDaemon.java:22)
Daemon vm is shutting down... The daemon has exited normally or was terminated in response to a user interrupt.
2026-03-01T00:31:07.852+0700 [DEBUG] [org.gradle.launcher.daemon.registry.PersistentDaemonRegistry] Removing daemon address: [b6a6b1ba-62cf-4f8d-968b-78f892848771 port:64301, addresses:[localhost/127.0.0.1]]
2026-03-01T00:31:07.852+0700 [DEBUG] [org.gradle.launcher.daemon.server.Daemon] VM shutdown hook was unable to remove the daemon address from the registry. It will be cleaned up later.
java.lang.IllegalStateException: Cannot start managing file contention because this handler has been closed.
	at org.gradle.cache.internal.locklistener.DefaultFileLockContentionHandler.assertNotStopped(DefaultFileLockContentionHandler.java:267)
	at org.gradle.cache.internal.locklistener.DefaultFileLockContentionHandler.reservePort(DefaultFileLockContentionHandler.java:312)
	at org.gradle.cache.internal.DefaultFileLockManager.lock(DefaultFileLockManager.java:124)
	at org.gradle.cache.internal.DefaultFileLockManager.lock(DefaultFileLockManager.java:106)
	at org.gradle.cache.internal.DefaultFileLockManager.lock(DefaultFileLockManager.java:101)
	at org.gradle.cache.internal.OnDemandFileAccess.updateFile(OnDemandFileAccess.java:51)
	at org.gradle.cache.internal.FileBackedObjectHolder.update(FileBackedObjectHolder.java:77)
	at org.gradle.cache.internal.FileIntegrityViolationSuppressingObjectHolderDecorator.lambda$update$0(FileIntegrityViolationSuppressingObjectHolderDecorator.java:48)
	at org.gradle.cache.internal.FileIntegrityViolationSuppressingObjectHolderDecorator.doUpdate(FileIntegrityViolationSuppressingObjectHolderDecorator.java:58)
	at org.gradle.cache.internal.FileIntegrityViolationSuppressingObjectHolderDecorator.update(FileIntegrityViolationSuppressingObjectHolderDecorator.java:48)
	at org.gradle.launcher.daemon.registry.PersistentDaemonRegistry.remove(PersistentDaemonRegistry.java:133)
	at org.gradle.launcher.daemon.server.Daemon$1.run(Daemon.java:133)
	at java.base/java.lang.Thread.run(Thread.java:1474)
